"C:/Users/draco/Documents/Unreal Projects/EscapeTheRoom/Content/Geometry/Meshes/blueglow.uasset" 0
"C:/Users/draco/Documents/Unreal Projects/EscapeTheRoom/Content/Geometry/Meshes/Metal.uasset" 1
"C:/Users/draco/Documents/Unreal Projects/EscapeTheRoom/Content/bluebutton.uasset" 2
"C:/Users/draco/Documents/Unreal Projects/EscapeTheRoom/Content/Geometry/Meshes/WallMaterial.uasset" 3
"C:/Users/draco/Documents/Unreal Projects/EscapeTheRoom/Content/SM_MERGED_Wall5.uasset" 4
"C:/Users/draco/Documents/Unreal Projects/EscapeTheRoom/Content/FirstPerson/Character/Mesh/SK_Mannequin_Arms_Skeleton.uasset" 5
"C:/Users/draco/Documents/Unreal Projects/EscapeTheRoom/Content/FirstPerson/Animations/FirstPerson_Fire.uasset" 6
"C:/Users/draco/Documents/Unreal Projects/EscapeTheRoom/Content/FirstPerson/Animations/ArmsNew.uasset" 7
"C:/Users/draco/Documents/Unreal Projects/EscapeTheRoom/Content/FirstPerson/Animations/Punch.uasset" 8
"C:/Users/draco/Documents/Unreal Projects/EscapeTheRoom/Content/FirstPerson/Animations/FirstPerson_Idle.uasset" 9
"C:/Users/draco/Documents/Unreal Projects/EscapeTheRoom/Content/FirstPerson/Animations/FirstPerson_JumpEnd.uasset" 10
"C:/Users/draco/Documents/Unreal Projects/EscapeTheRoom/Content/FirstPerson/Animations/FirstPerson_JumpLoop.uasset" 11
"C:/Users/draco/Documents/Unreal Projects/EscapeTheRoom/Content/FirstPerson/Animations/FirstPerson_JumpStart.uasset" 12
"C:/Users/draco/Documents/Unreal Projects/EscapeTheRoom/Content/FirstPerson/Animations/FirstPerson_Run.uasset" 13
"../../../Engine/Content/EditorBlueprintResources/StandardMacros.uasset" 14
"C:/Users/draco/Documents/Unreal Projects/EscapeTheRoom/Content/FirstPerson/Animations/FirstPerson_AnimBP.uasset" 15
"C:/Users/draco/Documents/Unreal Projects/EscapeTheRoom/Content/FirstPerson/Character/Mesh/FirstPersonAnimBlueprint_Copy.uasset" 16
"C:/Users/draco/Documents/Unreal Projects/EscapeTheRoom/Content/FirstPerson/Character/Textures/UE4_LOGO_CARD.uasset" 17
"C:/Users/draco/Documents/Unreal Projects/EscapeTheRoom/Content/FirstPerson/FPWeapon/Materials/MaterialLayers/ML_Plastic_Shiny_Beige_LOGO.uasset" 18
"C:/Users/draco/Documents/Unreal Projects/EscapeTheRoom/Content/FirstPerson/FPWeapon/Materials/MaterialLayers/T_ML_FineRubber.uasset" 19
"../../../Engine/Content/Functions/Engine_MaterialFunctions02/Utility/BlendAngleCorrectedNormals.uasset" 20
"../../../Engine/Content/Functions/MaterialLayerFunctions/MatLayerBlend_NormalBlend.uasset" 21
"../../../Engine/Content/Functions/MaterialLayerFunctions/MatLayerBlend_Simple.uasset" 22
"C:/Users/draco/Documents/Unreal Projects/EscapeTheRoom/Content/FirstPerson/FPWeapon/Materials/MaterialLayers/T_ML_Rubber_Blue_01_D.uasset" 23
"C:/Users/draco/Documents/Unreal Projects/EscapeTheRoom/Content/FirstPerson/FPWeapon/Materials/MaterialLayers/T_ML_Rubber_Blue_01_N.uasset" 24
"C:/Users/draco/Documents/Unreal Projects/EscapeTheRoom/Content/FirstPerson/FPWeapon/Materials/MaterialLayers/ML_GlossyBlack_Latex_UE4.uasset" 25
"C:/Users/draco/Documents/Unreal Projects/EscapeTheRoom/Content/FirstPerson/FPWeapon/Materials/MaterialLayers/ML_Plastic_Shiny_Beige.uasset" 26
"C:/Users/draco/Documents/Unreal Projects/EscapeTheRoom/Content/FirstPerson/FPWeapon/Materials/MaterialLayers/ML_Screen.uasset" 27
"C:/Users/draco/Documents/Unreal Projects/EscapeTheRoom/Content/FirstPerson/FPWeapon/Materials/MaterialLayers/T_ML_Aluminum01.uasset" 28
"C:/Users/draco/Documents/Unreal Projects/EscapeTheRoom/Content/FirstPerson/FPWeapon/Materials/MaterialLayers/T_ML_Aluminum01_N.uasset" 29
"C:/Users/draco/Documents/Unreal Projects/EscapeTheRoom/Content/FirstPerson/FPWeapon/Materials/MaterialLayers/ML_SoftMetal_UE4.uasset" 30
"C:/Users/draco/Documents/Unreal Projects/EscapeTheRoom/Content/FirstPerson/FPWeapon/Textures/T_FPGun_M.uasset" 31
"C:/Users/draco/Documents/Unreal Projects/EscapeTheRoom/Content/FirstPerson/FPWeapon/Textures/T_FPGun_N.uasset" 32
"C:/Users/draco/Documents/Unreal Projects/EscapeTheRoom/Content/FirstPerson/FPWeapon/Materials/M_FPGun.uasset" 33
"C:/Users/draco/Documents/Unreal Projects/EscapeTheRoom/Content/FirstPerson/FPWeapon/Mesh/SK_FPGun_Skeleton.uasset" 34
"C:/Users/draco/Documents/Unreal Projects/EscapeTheRoom/Content/FirstPerson/FPWeapon/Mesh/SK_FPGun.uasset" 35
"C:/Users/draco/Documents/Unreal Projects/EscapeTheRoom/Content/FirstPerson/FPWeapon/Mesh/SK_FPGun_PhysicsAsset.uasset" 36
"C:/Users/draco/Documents/Unreal Projects/EscapeTheRoom/Content/FirstPerson/Meshes/BaseMaterial.uasset" 37
"C:/Users/draco/Documents/Unreal Projects/EscapeTheRoom/Content/FirstPerson/Meshes/CubeMaterialOverride.uasset" 38
"C:/Users/draco/Documents/Unreal Projects/EscapeTheRoom/Content/FirstPersonBP/FirstPersonOverview.uasset" 39
"C:/Users/draco/Documents/Unreal Projects/EscapeTheRoom/Content/FirstPersonBP/Blueprints/ClickPlayerController.uasset" 40
"C:/Users/draco/Documents/Unreal Projects/EscapeTheRoom/Content/Geometry/Meshes/CubeMaterial.uasset" 41
"C:/Users/draco/Documents/Unreal Projects/EscapeTheRoom/Content/Geometry/Meshes/1M_Cube_Chamfer.uasset" 42
"C:/Users/draco/Documents/Unreal Projects/EscapeTheRoom/Content/Geometry/Meshes/greentoggled.uasset" 43
"C:/Users/draco/Documents/Unreal Projects/EscapeTheRoom/Content/Geometry/Meshes/greenoff.uasset" 44
"C:/Users/draco/Documents/Unreal Projects/EscapeTheRoom/Content/Geometry/Meshes/TemplateFloor.uasset" 45
"../../../Engine/Content/Functions/Engine_MaterialFunctions02/ExampleContent/Textures/flipbook.uasset" 46
"../../../Engine/Content/Functions/Engine_MaterialFunctions02/Texturing/FlipBook.uasset" 47
"C:/Users/draco/Documents/Unreal Projects/EscapeTheRoom/Content/Static/staticloop.uasset" 48
"C:/Users/draco/Documents/Unreal Projects/EscapeTheRoom/Content/Static/StaticProper/frame_0_delay-0_06s.uasset" 49
"C:/Users/draco/Documents/Unreal Projects/EscapeTheRoom/Content/Geometry/Meshes/emissivestatic.uasset" 50
"C:/Users/draco/Documents/Unreal Projects/EscapeTheRoom/Content/Geometry/Meshes/emissivestaticbright.uasset" 51
"C:/Users/draco/Documents/Unreal Projects/EscapeTheRoom/Content/Geometry/Meshes/tvscreen.uasset" 52
"C:/Users/draco/Documents/Unreal Projects/EscapeTheRoom/Content/Geometry/Meshes/emissivecolors.uasset" 53
"C:/Users/draco/Documents/Unreal Projects/EscapeTheRoom/Content/Geometry/Meshes/tvscreencreepy.uasset" 54
"C:/Users/draco/Documents/Unreal Projects/EscapeTheRoom/Content/Meshes/Doorframe.uasset" 55
"C:/Users/draco/Documents/Unreal Projects/EscapeTheRoom/Content/Meshes/StaticMesh.uasset" 56
"C:/Users/draco/Documents/Unreal Projects/EscapeTheRoom/Content/Meshes/WallsComplete.uasset" 57
"C:/Users/draco/Documents/Unreal Projects/EscapeTheRoom/Content/Static/StaticProper/frame_0_delay-0_06s_Brush.uasset" 58
"C:/Users/draco/Documents/Unreal Projects/EscapeTheRoom/Content/Static/StaticProper/frame_1_delay-0_06s.uasset" 59
"C:/Users/draco/Documents/Unreal Projects/EscapeTheRoom/Content/Static/StaticProper/frame_1_delay-0_06s_Brush.uasset" 60
"C:/Users/draco/Documents/Unreal Projects/EscapeTheRoom/Content/Static/StaticProper/frame_2_delay-0_06s.uasset" 61
"C:/Users/draco/Documents/Unreal Projects/EscapeTheRoom/Content/Static/StaticProper/frame_2_delay-0_06s_Brush.uasset" 62
"C:/Users/draco/Documents/Unreal Projects/EscapeTheRoom/Content/Static/StaticProper/frame_3_delay-0_06s.uasset" 63
"C:/Users/draco/Documents/Unreal Projects/EscapeTheRoom/Content/Static/StaticProper/frame_3_delay-0_06s_Brush.uasset" 64
"C:/Users/draco/Documents/Unreal Projects/EscapeTheRoom/Content/Static/StaticProper/frame_4_delay-0_06s.uasset" 65
"C:/Users/draco/Documents/Unreal Projects/EscapeTheRoom/Content/Static/StaticProper/frame_4_delay-0_06s_Brush.uasset" 66
"C:/Users/draco/Documents/Unreal Projects/EscapeTheRoom/Content/Static/StaticProper/frame_5_delay-0_06s.uasset" 67
"C:/Users/draco/Documents/Unreal Projects/EscapeTheRoom/Content/Static/StaticProper/frame_5_delay-0_06s_Brush.uasset" 68
"C:/Users/draco/Documents/Unreal Projects/EscapeTheRoom/Content/Static/StaticProper/frame_6_delay-0_06s.uasset" 69
"C:/Users/draco/Documents/Unreal Projects/EscapeTheRoom/Content/Static/StaticProper/frame_6_delay-0_06s_Brush.uasset" 70
"../../../Engine/Content/Animation/DefaultAnimCurveCompressionSettings.uasset" 71
"../../../Engine/Content/Functions/Engine_MaterialFunctions01/Opacity/CameraDepthFade.uasset" 72
"../../../Engine/Content/EngineMaterials/T_Default_Material_Grid_M.uasset" 73
"../../../Engine/Content/EngineMaterials/T_Default_Material_Grid_N.uasset" 74
"../../../Engine/Content/EngineMaterials/WorldGridMaterial.uasset" 75
"../../../Engine/Content/ArtTools/RenderToTexture/Meshes/S_1_Unit_Plane.uasset" 76
"../../../Engine/Content/BasicShapes/Plane.uasset" 77
"../../../Engine/Content/EditorLandscapeResources/DataLayer.uasset" 78
"../../../Engine/Content/EditorMaterials/GizmoMaterial.uasset" 79
"../../../Engine/Content/EditorMaterials/MAT_Groups_Toggle.uasset" 80
"../../../Engine/Content/EditorMaterials/MAT_Groups_Visibility.uasset" 81
"../../../Engine/Content/EditorMaterials/PreviewShadowIndicator.uasset" 82
"../../../Engine/Content/EditorMaterials/PreviewShadowIndicatorMaterial.uasset" 83
"../../../Engine/Content/EditorMaterials/MatineeGroups/MAT_ColorTrack.uasset" 84
"../../../Engine/Content/EditorMaterials/MatineeGroups/MAT_Groups_Anim.uasset" 85
"../../../Engine/Content/EditorMaterials/MatineeGroups/MAT_Groups_AudioMaster.uasset" 86
"../../../Engine/Content/EditorMaterials/MatineeGroups/MAT_Groups_Director.uasset" 87
"../../../Engine/Content/EditorMaterials/MatineeGroups/MAT_Groups_Event.uasset" 88
"../../../Engine/Content/EditorMaterials/MatineeGroups/MAT_Groups_Fade.uasset" 89
"../../../Engine/Content/EditorMaterials/MatineeGroups/MAT_Groups_Float.uasset" 90
"../../../Engine/Content/EditorMaterials/MatineeGroups/MAT_Groups_Move.uasset" 91
"../../../Engine/Content/EditorMaterials/MatineeGroups/MAT_Groups_Slomo.uasset" 92
"../../../Engine/Content/EditorMaterials/MatineeGroups/MAT_Groups_Sound.uasset" 93
"../../../Engine/Content/EditorMaterials/MatineeGroups/MAT_Groups_Vector.uasset" 94
"../../../Engine/Content/EditorMaterials/ParticleSystems/PSysThumbnail_NoImage.uasset" 95
"../../../Engine/Content/EditorMaterials/ParticleSystems/PSysThumbnail_OOD.uasset" 96
"../../../Engine/Content/EditorMaterials/Camera/CineMat.uasset" 97
"../../../Engine/Content/EditorMaterials/Camera/MI_CineMat_Rig.uasset" 98
"../../../Engine/Content/EditorMeshes/Camera/SM_CraneRig_Arm.uasset" 99
"../../../Engine/Content/EditorMeshes/Camera/SM_CraneRig_Base.uasset" 100
"../../../Engine/Content/EditorMeshes/Camera/SM_CraneRig_Body.uasset" 101
"../../../Engine/Content/EditorMeshes/Camera/SM_CraneRig_Mount.uasset" 102
"../../../Engine/Content/EditorMeshes/Camera/SM_RailRig_Mount.uasset" 103
"../../../Engine/Content/EditorMeshes/Camera/SM_RailRig_Track.uasset" 104
"../../../Engine/Content/EditorResources/BSPVertex.uasset" 105
"../../../Engine/Content/EditorResources/EmptyActor.uasset" 106
"../../../Engine/Content/EditorResources/S_Actor.uasset" 107
"../../../Engine/Content/EditorResources/S_Note.uasset" 108
"../../../Engine/Content/EditorResources/S_Solver.uasset" 109
"../../../Engine/Content/EditorResources/S_Trigger.uasset" 110
"../../../Engine/Content/EditorResources/LightIcons/S_LightError.uasset" 111
"../../../Engine/Content/EditorResources/SequenceRecorder/Countdown.uasset" 112
"../../../Engine/Content/EditorResources/SequenceRecorder/RecordingIndicator.uasset" 113
"../../../Engine/Content/EditorSounds/Notifications/CompileFailed.uasset" 114
"../../../Engine/Content/EditorSounds/Notifications/CompileFailed_Cue.uasset" 115
"../../../Engine/Content/EditorSounds/Notifications/CompileSuccess.uasset" 116
"../../../Engine/Content/EditorSounds/Notifications/CompileStart_Cue.uasset" 117
"../../../Engine/Content/EditorSounds/Notifications/CompileSuccess_Cue.uasset" 118
"../../../Engine/Content/EngineDamageTypes/DmgTypeBP_Environmental.uasset" 119
"../../../Engine/Content/EngineDebugMaterials/HeatmapGradient.uasset" 120
"../../../Engine/Content/EngineDebugMaterials/BoneWeightMaterial.uasset" 121
"../../../Engine/Content/EngineDebugMaterials/ClothMaterial.uasset" 122
"../../../Engine/Content/EngineDebugMaterials/ClothMaterial_WF.uasset" 123
"../../../Engine/Content/EngineDebugMaterials/DebugEditorMaterial.uasset" 124
"../../../Engine/Content/EngineDebugMaterials/DebugMeshMaterial.uasset" 125
"../../../Engine/Content/EngineDebugMaterials/GeomMaterial.uasset" 126
"../../../Engine/Content/EngineDebugMaterials/M_SimpleTranslucent.uasset" 127
"../../../Engine/Content/Functions/Engine_MaterialFunctions02/Utility/CameraDirectionVector.uasset" 128
"../../../Engine/Content/EngineDebugMaterials/VolumeToRender.uasset" 129
"../../../Engine/Content/EngineDebugMaterials/M_VolumeRenderSphereTracePP.uasset" 130
"../../../Engine/Content/EngineDebugMaterials/WireframeMaterial.uasset" 131
"../../../Engine/Content/EngineFonts/Faces/RobotoBold.uasset" 132
"../../../Engine/Content/EngineFonts/Faces/RobotoBoldItalic.uasset" 133
"../../../Engine/Content/EngineFonts/Faces/RobotoItalic.uasset" 134
"../../../Engine/Content/EngineFonts/Faces/RobotoLight.uasset" 135
"../../../Engine/Content/EngineFonts/Faces/RobotoRegular.uasset" 136
"../../../Engine/Content/EngineFonts/Roboto.uasset" 137
"../../../Engine/Content/EngineFonts/Faces/RobotoTiny.uasset" 138
"../../../Engine/Content/EngineFonts/RobotoTiny.uasset" 139
"../../../Engine/Content/EngineMaterials/BaseFlattenDiffuseMap.uasset" 140
"../../../Engine/Content/EngineMaterials/BaseFlattenEmissiveMap.uasset" 141
"../../../Engine/Content/EngineMaterials/BaseFlattenGrayscaleMap.uasset" 142
"../../../Engine/Content/EngineMaterials/BaseFlattenNormalMap.uasset" 143
"../../../Engine/Content/EngineMaterials/BaseFlattenMaterial.uasset" 144
"../../../Engine/Content/EngineMaterials/BlueNoise.uasset" 145
"../../../Engine/Content/EngineMaterials/DefaultBloomKernel.uasset" 146
"../../../Engine/Content/EngineMaterials/DefaultBokeh.uasset" 147
"../../../Engine/Content/EngineMaterials/DefaultDiffuse.uasset" 148
"../../../Engine/Content/EngineMaterials/DefaultDeferredDecalMaterial.uasset" 149
"../../../Engine/Content/EngineMaterials/DefaultLightFunctionMaterial.uasset" 150
"../../../Engine/Content/EngineMaterials/DefaultPhysicalMaterial.uasset" 151
"../../../Engine/Content/Functions/Engine_MaterialFunctions02/Utility/BreakOutFloat2Components.uasset" 152
"../../../Engine/Content/EngineMaterials/DefaultPostProcessMaterial.uasset" 153
"../../../Engine/Content/EngineFonts/RobotoDistanceField.uasset" 154
"../../../Engine/Content/EngineMaterials/DefaultTextMaterialOpaque.uasset" 155
"../../../Engine/Content/EngineMaterials/DefaultVirtualTextureMaterial.uasset" 156
"../../../Engine/Content/EngineMaterials/DefaultWhiteGrid.uasset" 157
"../../../Engine/Content/EngineMaterials/EditorBrushMaterial.uasset" 158
"../../../Engine/Content/EngineMaterials/DefaultWhiteGrid_Low.uasset" 159
"../../../Engine/Content/EngineMaterials/EmissiveMeshMaterial.uasset" 160
"../../../Engine/Content/EngineMaterials/Good64x64TilingNoiseHighFreq.uasset" 161
"../../../Engine/Content/EngineMaterials/MiniFont.uasset" 162
"../../../Engine/Content/EngineMaterials/InvalidLightmapSettings.uasset" 163
"../../../Engine/Content/EngineMaterials/M_InvalidLightmapSettings.uasset" 164
"../../../Engine/Content/Functions/Engine_MaterialFunctions02/WorldPositionOffset/CameraOffset.uasset" 165
"../../../Engine/Content/EngineMaterials/PhAT_JointLimitMaterial.uasset" 166
"../../../Engine/Content/EngineMaterials/PreintegratedSkinBRDF.uasset" 167
"../../../Engine/Content/EngineMaterials/RemoveSurfaceMaterial.uasset" 168
"../../../Engine/Content/EngineMaterials/WeightMapPlaceholderTexture.uasset" 169
"../../../Engine/Content/EngineResources/WhiteSquareTexture.uasset" 170
"../../../Engine/Content/EngineMaterials/Widget3DPassThrough.uasset" 171
"../../../Engine/Content/EngineMaterials/Widget3DPassThrough_Masked.uasset" 172
"../../../Engine/Content/EngineMaterials/Widget3DPassThrough_Opaque.uasset" 173
"../../../Engine/Content/EngineMaterials/Widget3DPassThrough_Masked_OneSided.uasset" 174
"../../../Engine/Content/EngineMaterials/Widget3DPassThrough_Opaque_OneSided.uasset" 175
"../../../Engine/Content/EngineMaterials/Widget3DPassThrough_Translucent.uasset" 176
"../../../Engine/Content/EngineMaterials/Widget3DPassThrough_Translucent_OneSided.uasset" 177
"../../../Engine/Content/EngineMaterials/DefaultMaterial.uasset" 178
"../../../Engine/Content/EngineMeshes/Cylinder.uasset" 179
"../../../Engine/Content/EngineMeshes/Sphere.uasset" 180
"../../../Engine/Content/EngineResources/Black.uasset" 181
"../../../Engine/Content/EngineResources/DefaultTexture.uasset" 182
"../../../Engine/Content/EngineResources/DefaultTextureCube.uasset" 183
"../../../Engine/Content/EngineResources/DefaultVolumeTexture2D.uasset" 184
"../../../Engine/Content/EngineResources/DefaultVolumeTexture.uasset" 185
"../../../Engine/Content/EngineResources/GradientTexture0.uasset" 186
"../../../Engine/Content/EngineSounds/Master.uasset" 187
"../../../Engine/Content/Functions/Engine_MaterialFunctions01/Shading/ConvertFromDiffSpec.uasset" 188
"../../../Engine/Content/Functions/Engine_MaterialFunctions01/Shading/PowerToRoughness.uasset" 189
"../../../Engine/Content/Maps/Templates/Thumbnails/Default.uasset" 190
"../../../Engine/Content/Maps/Templates/Thumbnails/VR-Basic.uasset" 191
"../../../Engine/Content/MobileResources/T_MobileControls_texture.uasset" 192
"../../../Engine/Content/MobileResources/T_MobileMenu2.uasset" 193
"../../../Engine/Content/MobileResources/HUD/AnalogHat.uasset" 194
"../../../Engine/Content/MobileResources/HUD/VirtualJoystick_Background.uasset" 195
"../../../Engine/Content/MobileResources/HUD/VirtualJoystick_Thumb.uasset" 196
"../../../Engine/Content/MobileResources/HUD/DefaultVirtualJoysticks.uasset" 197
"../../../Engine/Content/MobileResources/HUD/LeftVirtualJoystickOnly.uasset" 198
"../../../Engine/Content/MobileResources/HUD/MobileHUDButton1_off.uasset" 199
"../../../Engine/Content/MobileResources/HUD/MobileHUDButton1_on.uasset" 200
"../../../Engine/Content/MobileResources/HUD/MobileHUDButton2_off.uasset" 201
"../../../Engine/Content/MobileResources/HUD/MobileHUDButton2_on.uasset" 202
"../../../Engine/Content/MobileResources/HUD/MobileHUDButton3.uasset" 203
"../../../Engine/Content/MobileResources/HUD/MobileHUDButtonFire.uasset" 204
"../../../Engine/Content/MobileResources/HUD/MobileHUDDirectionPad.uasset" 205
"../../../Engine/Content/MobileResources/HUD/MobileHUDDirectionPad2.uasset" 206
"../../../Engine/Content/MobileResources/HUD/MobileHUDDirectionPad3.uasset" 207
"../../../Engine/Content/MobileResources/HUD/MobileHUDDirectionStick.uasset" 208
"../../../Engine/Content/MobileResources/HUD/T_Castle_ThumbstickInner.uasset" 209
"../../../Engine/Content/MobileResources/HUD/T_Castle_ThumbstickOutter.uasset" 210
"../../../Engine/Content/Tutorial/ContentIntroCurve.uasset" 211
"../../../Engine/Content/Tutorial/Basics/LevelEditorAttract.uasset" 212
"../../../Engine/Content/Tutorial/Basics/TutorialAssets/icon_tab_Levels_40x.uasset" 213
"../../../Engine/Content/Tutorial/Basics/LevelEditorOverview.uasset" 214
"../../../Engine/Content/Tutorial/BlueprintTutorials/TutorialAssets/Blueprint_64x.uasset" 215
"../../../Engine/Content/Tutorial/BlueprintTutorials/BlueprintEditorTutorial.uasset" 216
"../../../Engine/Content/Tutorial/BlueprintTutorials/LevelBlueprintEditorOverview.uasset" 217
"../../../Engine/Content/VREditor/LaserPointer/VR_LaserPower_01.uasset" 218
"../../../Engine/Content/VREditor/TransformGizmo/TransformGizmoMaterial.uasset" 219
"../../../Engine/Content/VREditor/TransformGizmo/TranslucentTransformGizmoMaterial.uasset" 220
"../../../Engine/Content/VREditor/TransformGizmo/BoundingBoxCorner.uasset" 221
"../../../Engine/Content/VREditor/TransformGizmo/BoundingBoxEdge.uasset" 222
"../../../Engine/Content/VREditor/TransformGizmo/PlaneTranslationHandle.uasset" 223
"../../../Engine/Content/VREditor/TransformGizmo/Main.uasset" 224
"../../../Engine/Content/VREditor/TransformGizmo/Xray.uasset" 225
"../../../Engine/Content/VREditor/TransformGizmo/SM_Sequencer_Key.uasset" 226
"../../../Engine/Content/VREditor/TransformGizmo/SM_Sequencer_Node.uasset" 227
"../../Plugins/2D/Paper2D/Content/PlaceholderTextures/DummySpriteTexture.uasset" 228
"../../Plugins/2D/Paper2D/Content/DummySprite.uasset" 229
"../../Plugins/2D/Paper2D/Content/DefaultPaperTerrainMaterial.uasset" 230
"../../Plugins/2D/Paper2D/Content/DummySpriteTexture.uasset" 231
"../../Plugins/2D/Paper2D/Content/DefaultSpriteMaterial.uasset" 232
"../../Plugins/2D/Paper2D/Content/MaskedUnlitSpriteMaterial.uasset" 233
"../../Plugins/2D/Paper2D/Content/OpaqueUnlitSpriteMaterial.uasset" 234
"../../Plugins/Runtime/Oculus/OculusVR/Content/OculusMR_RenderTarget.uasset" 235
"../../../Engine/Content/Functions/Engine_MaterialFunctions02/Utility/BreakOutFloat4Components.uasset" 236
"../../../Engine/Content/Functions/Engine_MaterialFunctions02/Utility/MakeFloat2.uasset" 237
"../../../Engine/Content/Functions/Engine_MaterialFunctions02/Utility/MakeFloat3.uasset" 238
"../../Plugins/Runtime/Oculus/OculusVR/Content/Materials/OculusMR_ChromaKey.uasset" 239
"../../Plugins/Runtime/Oculus/OculusVR/Content/Materials/OculusMR_ChromaKey_Lit.uasset" 240
"../../Plugins/Runtime/Oculus/OculusVR/Content/Materials/OculusMR_OpaqueColoredMaterial.uasset" 241
"../../Plugins/Runtime/Oculus/OculusVR/Content/Materials/OculusMR_WhiteMaterial.uasset" 242
"C:/Users/draco/Documents/Unreal Projects/EscapeTheRoom/Content/FirstPerson/Animations/FirstPersonFire_Montage.uasset" 243
"C:/Users/draco/Documents/Unreal Projects/EscapeTheRoom/Content/FirstPerson/Meshes/FirstPersonProjectileMaterial.uasset" 244
"C:/Users/draco/Documents/Unreal Projects/EscapeTheRoom/Content/FirstPerson/Meshes/FirstPersonProjectileMesh.uasset" 245
"C:/Users/draco/Documents/Unreal Projects/EscapeTheRoom/Content/FirstPersonBP/Blueprints/FirstPersonProjectile.uasset" 246
"C:/Users/draco/Documents/Unreal Projects/EscapeTheRoom/Content/FirstPerson/Audio/FirstPersonTemplateWeaponFire02.uasset" 247
"C:/Users/draco/Documents/Unreal Projects/EscapeTheRoom/Content/FirstPerson/Character/Materials/MaterialLayers/T_ML_Rubber_Blue_01_D.uasset" 248
"C:/Users/draco/Documents/Unreal Projects/EscapeTheRoom/Content/FirstPerson/Character/Materials/MaterialLayers/T_ML_Rubber_Blue_01_N.uasset" 249
"C:/Users/draco/Documents/Unreal Projects/EscapeTheRoom/Content/FirstPerson/Character/Materials/MaterialLayers/ML_GlossyBlack_Latex_UE4.uasset" 250
"C:/Users/draco/Documents/Unreal Projects/EscapeTheRoom/Content/FirstPerson/Character/Materials/MaterialLayers/ML_Plastic_Shiny_Beige.uasset" 251
"C:/Users/draco/Documents/Unreal Projects/EscapeTheRoom/Content/FirstPerson/Character/Materials/MaterialLayers/ML_Plastic_Shiny_Beige_LOGO.uasset" 252
"C:/Users/draco/Documents/Unreal Projects/EscapeTheRoom/Content/FirstPerson/Character/Materials/MaterialLayers/T_ML_Aluminum01.uasset" 253
"C:/Users/draco/Documents/Unreal Projects/EscapeTheRoom/Content/FirstPerson/Character/Materials/MaterialLayers/T_ML_Aluminum01_N.uasset" 254
"C:/Users/draco/Documents/Unreal Projects/EscapeTheRoom/Content/FirstPerson/Character/Materials/MaterialLayers/ML_SoftMetal_UE4.uasset" 255
"C:/Users/draco/Documents/Unreal Projects/EscapeTheRoom/Content/FirstPerson/Character/Textures/UE4_Mannequin__normals.uasset" 256
"C:/Users/draco/Documents/Unreal Projects/EscapeTheRoom/Content/FirstPerson/Character/Textures/UE4_Mannequin_MAT_MASKA.uasset" 257
"C:/Users/draco/Documents/Unreal Projects/EscapeTheRoom/Content/FirstPerson/Character/Materials/M_UE4Man_Body.uasset" 258
"C:/Users/draco/Documents/Unreal Projects/EscapeTheRoom/Content/FirstPerson/Character/Mesh/SK_Mannequin_Arms_PhysicsAsset.uasset" 259
"C:/Users/draco/Documents/Unreal Projects/EscapeTheRoom/Content/FirstPerson/Character/Mesh/SK_Mannequin_Arms.uasset" 260
"C:/Users/draco/Documents/Unreal Projects/EscapeTheRoom/Content/FirstPersonBP/Blueprints/FirstPersonCharacter.uasset" 261
"../../../Engine/Content/EngineSky/C_Sky_Cloud_Color.uasset" 262
"../../../Engine/Content/EngineSky/C_Sky_Horizon_Color.uasset" 263
"../../../Engine/Content/EngineSky/C_Sky_Zenith_Color.uasset" 264
"../../../Engine/Content/EngineSky/T_Sky_Blue.uasset" 265
"../../../Engine/Content/EngineSky/T_Sky_Clouds_M.uasset" 266
"../../../Engine/Content/EngineSky/T_Sky_Stars.uasset" 267
"../../../Engine/Content/EngineSky/M_Sky_Panning_Clouds2.uasset" 268
"../../../Engine/Content/EngineSky/SM_SkySphere.uasset" 269
"../../../Engine/Content/EngineSky/BP_Sky_Sphere.uasset" 270
"C:/Users/draco/Documents/Unreal Projects/EscapeTheRoom/Content/FirstPerson/Textures/FirstPersonCrosshair.uasset" 271
"C:/Users/draco/Documents/Unreal Projects/EscapeTheRoom/Content/FirstPersonBP/Blueprints/FirstPersonHUD.uasset" 272
"C:/Users/draco/Documents/Unreal Projects/EscapeTheRoom/Content/FirstPersonBP/Blueprints/FirstPersonGameMode.uasset" 273
"C:/Users/draco/Documents/Unreal Projects/EscapeTheRoom/Content/GlobalVars.uasset" 274
"C:/Users/draco/Documents/Unreal Projects/EscapeTheRoom/Content/FirstPersonBP/Maps/FirstPersonExampleMap_BuiltData.uasset" 275
"C:/Users/draco/Documents/Unreal Projects/EscapeTheRoom/Content/Geometry/Meshes/bluedisabled.uasset" 276
"C:/Users/draco/Documents/Unreal Projects/EscapeTheRoom/Content/Geometry/Meshes/bluetoggled.uasset" 277
"C:/Users/draco/Documents/Unreal Projects/EscapeTheRoom/Content/Geometry/Meshes/BookCover1.uasset" 278
"C:/Users/draco/Documents/Unreal Projects/EscapeTheRoom/Content/Geometry/Meshes/BookCover2.uasset" 279
"C:/Users/draco/Documents/Unreal Projects/EscapeTheRoom/Content/Geometry/Meshes/BookCover3.uasset" 280
"C:/Users/draco/Documents/Unreal Projects/EscapeTheRoom/Content/Geometry/Meshes/DarkMetal.uasset" 281
"C:/Users/draco/Documents/Unreal Projects/EscapeTheRoom/Content/Geometry/Meshes/Door.uasset" 282
"C:/Users/draco/Documents/Unreal Projects/EscapeTheRoom/Content/Geometry/Meshes/greendisabled.uasset" 283
"C:/Users/draco/Documents/Unreal Projects/EscapeTheRoom/Content/Geometry/Meshes/greenglow.uasset" 284
"C:/Users/draco/Documents/Unreal Projects/EscapeTheRoom/Content/Geometry/Meshes/LampShade.uasset" 285
"C:/Users/draco/Documents/Unreal Projects/EscapeTheRoom/Content/Geometry/Meshes/Lightbulb.uasset" 286
"C:/Users/draco/Documents/Unreal Projects/EscapeTheRoom/Content/Geometry/Meshes/LightbulbOff.uasset" 287
"C:/Users/draco/Documents/Unreal Projects/EscapeTheRoom/Content/Geometry/Meshes/reddisabled.uasset" 288
"C:/Users/draco/Documents/Unreal Projects/EscapeTheRoom/Content/Geometry/Meshes/redglow.uasset" 289
"C:/Users/draco/Documents/Unreal Projects/EscapeTheRoom/Content/Geometry/Meshes/redtoggled.uasset" 290
"C:/Users/draco/Documents/Unreal Projects/EscapeTheRoom/Content/Geometry/Meshes/shadowman.uasset" 291
"C:/Users/draco/Documents/Unreal Projects/EscapeTheRoom/Content/Geometry/Meshes/WoodFurniturePrint.uasset" 292
"C:/Users/draco/Documents/Unreal Projects/EscapeTheRoom/Content/Geometry/Meshes/arrowglow.uasset" 293
"C:/Users/draco/Documents/Unreal Projects/EscapeTheRoom/Content/Geometry/Meshes/arrowglowfaint.uasset" 294
"C:/Users/draco/Documents/Unreal Projects/EscapeTheRoom/Content/Static/creepyloop.uasset" 295
"C:/Users/draco/Documents/Unreal Projects/EscapeTheRoom/Content/Geometry/Meshes/emissivestaticcreepy.uasset" 296
"C:/Users/draco/Documents/Unreal Projects/EscapeTheRoom/Content/Geometry/Meshes/emissivecreepybright.uasset" 297
"C:/Users/draco/Documents/Unreal Projects/EscapeTheRoom/Content/Geometry/Meshes/yellowglow.uasset" 298
"C:/Users/draco/Documents/Unreal Projects/EscapeTheRoom/Content/Geometry/Meshes/yellowglowdim.uasset" 299
"../../../Engine/Content/BasicShapes/Cone.uasset" 300
"../../../Engine/Content/BasicShapes/Cube.uasset" 301
"../../../Engine/Content/BasicShapes/Cylinder.uasset" 302
"../../../Engine/Content/BasicShapes/Sphere.uasset" 303
"../../../Engine/Content/BasicShapes/BasicShapeMaterial.uasset" 304
"C:/Users/draco/Documents/Unreal Projects/EscapeTheRoom/Content/arrow.uasset" 305
"C:/Users/draco/Documents/Unreal Projects/EscapeTheRoom/Content/Geometry/Meshes/PaperTexture.uasset" 306
"C:/Users/draco/Documents/Unreal Projects/EscapeTheRoom/Content/bluebooklarge.uasset" 307
"C:/Users/draco/Documents/Unreal Projects/EscapeTheRoom/Content/Geometry/Meshes/BookCover4.uasset" 308
"C:/Users/draco/Documents/Unreal Projects/EscapeTheRoom/Content/Geometry/Meshes/PaperTexture2.uasset" 309
"C:/Users/draco/Documents/Unreal Projects/EscapeTheRoom/Content/book.uasset" 310
"C:/Users/draco/Documents/Unreal Projects/EscapeTheRoom/Content/chair.uasset" 311
"C:/Users/draco/Documents/Unreal Projects/EscapeTheRoom/Content/cover.uasset" 312
"C:/Users/draco/Documents/Unreal Projects/EscapeTheRoom/Content/Geometry/Meshes/1M_Cube.uasset" 313
"C:/Users/draco/Documents/Unreal Projects/EscapeTheRoom/Content/Geometry/Meshes/Static.uasset" 314
"C:/Users/draco/Documents/Unreal Projects/EscapeTheRoom/Content/Static/StaticCreepy/frame_0_delay-0_08s.uasset" 315
"C:/Users/draco/Documents/Unreal Projects/EscapeTheRoom/Content/Static/StaticCreepy/frame_1_delay-0_08s.uasset" 316
"C:/Users/draco/Documents/Unreal Projects/EscapeTheRoom/Content/Static/StaticCreepy/frame_2_delay-0_08s.uasset" 317
"C:/Users/draco/Documents/Unreal Projects/EscapeTheRoom/Content/Static/StaticCreepy/frame_3_delay-0_08s.uasset" 318
"C:/Users/draco/Documents/Unreal Projects/EscapeTheRoom/Content/Static/StaticCreepy/frame_4_delay-0_14s.uasset" 319
"C:/Users/draco/Documents/Unreal Projects/EscapeTheRoom/Content/Static/StaticCreepy/frame_5_delay-0_08s.uasset" 320
"C:/Users/draco/Documents/Unreal Projects/EscapeTheRoom/Content/Geometry/Meshes/StaticWin.uasset" 321
"C:/Users/draco/Documents/Unreal Projects/EscapeTheRoom/Content/greenbooklarge.uasset" 322
"C:/Users/draco/Documents/Unreal Projects/EscapeTheRoom/Content/MergedWallsFull.uasset" 323
"C:/Users/draco/Documents/Unreal Projects/EscapeTheRoom/Content/MusicClass.uasset" 324
"C:/Users/draco/Documents/Unreal Projects/EscapeTheRoom/Content/redbooklarge.uasset" 325
"C:/Users/draco/Documents/Unreal Projects/EscapeTheRoom/Content/redbooksmall.uasset" 326
"C:/Users/draco/Documents/Unreal Projects/EscapeTheRoom/Content/remote.uasset" 327
"C:/Users/draco/Documents/Unreal Projects/EscapeTheRoom/Content/shadowman.uasset" 328
"C:/Users/draco/Documents/Unreal Projects/EscapeTheRoom/Content/Sounds/baby.uasset" 329
"C:/Users/draco/Documents/Unreal Projects/EscapeTheRoom/Content/Sounds/bgm.uasset" 330
"C:/Users/draco/Documents/Unreal Projects/EscapeTheRoom/Content/Sounds/buttonright.uasset" 331
"C:/Users/draco/Documents/Unreal Projects/EscapeTheRoom/Content/Sounds/door.uasset" 332
"C:/Users/draco/Documents/Unreal Projects/EscapeTheRoom/Content/Sounds/intruder.uasset" 333
"C:/Users/draco/Documents/Unreal Projects/EscapeTheRoom/Content/Sounds/laugh.uasset" 334
"C:/Users/draco/Documents/Unreal Projects/EscapeTheRoom/Content/Sounds/scream.uasset" 335
"C:/Users/draco/Documents/Unreal Projects/EscapeTheRoom/Content/StaticClass.uasset" 336
"C:/Users/draco/Documents/Unreal Projects/EscapeTheRoom/Content/Sounds/static.uasset" 337
"C:/Users/draco/Documents/Unreal Projects/EscapeTheRoom/Content/Sounds/switchflip.uasset" 338
"C:/Users/draco/Documents/Unreal Projects/EscapeTheRoom/Content/Sounds/wrongbutton.uasset" 339
"C:/Users/draco/Documents/Unreal Projects/EscapeTheRoom/Content/StaticSM.uasset" 340
"C:/Users/draco/Documents/Unreal Projects/EscapeTheRoom/Content/tvbase.uasset" 341
"C:/Users/draco/Documents/Unreal Projects/EscapeTheRoom/Content/FirstPersonBP/Maps/FirstPersonExampleMap.umap" 342
"../../../Engine/Content/Maps/Entry_BuiltData.uasset" 343
"../../../Engine/Content/Maps/Entry.umap" 344
